[26/05 14:44] ============================
[26/05 14:44] MOTOBD MONITOR
[26/05 14:44] Nenhum lote cadastrado. Rode auto_scout.py primeiro.
[26/05 14:44] ============================
[26/05 14:44] MOTOBD MONITOR
[26/05 14:44]   0054: verificando...
[26/05 14:44]   0054 ERRO: 'url_lote'
[26/05 14:44]   0056: verificando...
[26/05 14:44]   0056 ERRO: 'url_lote'
[26/05 14:44]   0059: verificando...
[26/05 14:44]   0059 ERRO: 'url_lote'
[26/05 14:44]   0065: verificando...
[26/05 14:44]   0065 ERRO: 'url_lote'
[26/05 14:45] ============================
[26/05 14:45] MOTOBD MONITOR
[26/05 14:45]   0054: verificando...
[26/05 14:45]   0054 | Honda CG 160 Start | fase=Pre-Leilao | lance=R$ 5800.0
[26/05 14:45]   0056: verificando...
[26/05 14:46]   0056 | Honda CG 160 Fan | fase=Pre-Leilao | lance=R$ 5150.0
[26/05 14:46]   0059: verificando...
[26/05 14:47]   0059 | Shineray XY125-6A | fase=Pre-Leilao | lance=R$ 3300.0
[26/05 14:47]   0065: verificando...
